[ 2018-01-23T10:54:51+08:00 ] ::1 /smartorder/admin.php/Public/login.html
INFO: [ app_init ] --START--
INFO: Run Behavior\BuildLiteBehavior [ RunTime:0.000012s ]
INFO: [ app_init ] --END-- [ RunTime:0.000374s ]
INFO: [ app_begin ] --START--
INFO: Run Behavior\ReadHtmlCacheBehavior [ RunTime:0.000772s ]
INFO: [ app_begin ] --END-- [ RunTime:0.000866s ]
INFO: [ view_parse ] --START--
INFO: [ template_filter ] --START--
INFO: Run Behavior\ContentReplaceBehavior [ RunTime:0.000054s ]
INFO: [ template_filter ] --END-- [ RunTime:0.000095s ]
INFO: Run Behavior\ParseTemplateBehavior [ RunTime:0.013380s ]
INFO: [ view_parse ] --END-- [ RunTime:0.013433s ]
INFO: [ view_filter ] --START--
INFO: Run Behavior\WriteHtmlCacheBehavior [ RunTime:0.000342s ]
INFO: [ view_filter ] --END-- [ RunTime:0.000368s ]
INFO: [ app_end ] --START--
INFO: Run Behavior\ShowPageTraceBehavior [ RunTime:0.000426s ]
INFO: Run Common\Behavior\CronRunBehavior [ RunTime:0.001865s ]
INFO: [ app_end ] --END-- [ RunTime:0.002364s ]

[ 2018-01-23T10:54:51+08:00 ] ::1 /smartorder/admin.php/Public/verify.html
INFO: [ app_init ] --START--
INFO: Run Behavior\BuildLiteBehavior [ RunTime:0.000011s ]
INFO: [ app_init ] --END-- [ RunTime:0.000308s ]
INFO: [ app_begin ] --START--
INFO: Run Behavior\ReadHtmlCacheBehavior [ RunTime:0.000515s ]
INFO: [ app_begin ] --END-- [ RunTime:0.000562s ]
INFO: [ app_end ] --START--
INFO: Run Behavior\ShowPageTraceBehavior [ RunTime:0.001038s ]
INFO: Run Common\Behavior\CronRunBehavior [ RunTime:0.003961s ]
INFO: [ app_end ] --END-- [ RunTime:0.005124s ]

[ 2018-01-23T10:54:59+08:00 ] ::1 /smartorder/admin.php/Public/login.html
INFO: [ app_init ] --START--
INFO: Run Behavior\BuildLiteBehavior [ RunTime:0.000010s ]
INFO: [ app_init ] --END-- [ RunTime:0.000345s ]
INFO: [ app_begin ] --START--
INFO: Run Behavior\ReadHtmlCacheBehavior [ RunTime:0.000510s ]
INFO: [ app_begin ] --END-- [ RunTime:0.000540s ]
NOTIC: [8] Undefined index: lite D:\xampp\htdocs\SmartOrder\ThinkPHP\Library\Think\Db.class.php 第 37 行.
SQL: SHOW COLUMNS FROM `so_member` [ RunTime:0.0182s ]
SQL: SELECT `uid`,`nickname`,`sex`,`birthday`,`qq`,`score`,`login`,`reg_ip`,`reg_time`,`last_login_ip`,`last_login_time`,`status` FROM `so_member` WHERE `uid` = 1 LIMIT 1   [ RunTime:0.0006s ]
SQL: SHOW COLUMNS FROM `so_action` [ RunTime:0.0085s ]
SQL: SELECT * FROM `so_action` WHERE `name` = 'user_login' LIMIT 1   [ RunTime:0.0004s ]
SQL: SHOW COLUMNS FROM `so_action_log` [ RunTime:0.0054s ]
SQL: INSERT INTO `so_action_log` (`action_id`,`user_id`,`action_ip`,`model`,`record_id`,`create_time`,`remark`) VALUES ('1','1','0','member','1','1516676099','admin在2018-01-23 10:54登录了后台') [ RunTime:0.0112s ]
SQL: SELECT * FROM `so_action` WHERE `name` = 'user_login' LIMIT 1   [ RunTime:0.0004s ]
NOTIC: [8] Undefined offset: 1 D:\xampp\htdocs\SmartOrder\Application\Common\Common\function.php 第 679 行.
NOTIC: [2] array_key_exists() expects parameter 2 to be array, null given D:\xampp\htdocs\SmartOrder\Application\Common\Common\function.php 第 679 行.
SQL: SELECT COUNT(*) AS tp_count FROM `so_action_log` WHERE `action_id` = 1 AND `user_id` = 1 AND `create_time` > 1516589699 LIMIT 1   [ RunTime:0.0215s ]
SQL: SHOW COLUMNS FROM `so_member` [ RunTime:0.0029s ]
SQL: UPDATE `so_member` SET `score`=score+10 WHERE ( uid=1 AND status>-1 ) [ RunTime:0.0004s ]
SQL: UPDATE `so_member` SET `login`=`login`+1,`last_login_time`='1516676099',`last_login_ip`='0' WHERE `uid` = 1 [ RunTime:0.0002s ]

[ 2018-01-23T10:54:59+08:00 ] ::1 /smartorder/admin.php/Index/index.html
INFO: [ app_init ] --START--
INFO: Run Behavior\BuildLiteBehavior [ RunTime:0.000019s ]
INFO: [ app_init ] --END-- [ RunTime:0.000361s ]
INFO: [ app_begin ] --START--
INFO: Run Behavior\ReadHtmlCacheBehavior [ RunTime:0.000511s ]
INFO: [ app_begin ] --END-- [ RunTime:0.000561s ]
SQL: SHOW COLUMNS FROM `so_menu` [ RunTime:0.0039s ]
SQL: SELECT `id`,`title`,`url` FROM `so_menu` WHERE `pid` = 0 AND `hide` = 0 AND `is_dev` = 0 ORDER BY sort asc  [ RunTime:0.0011s ]
SQL: SELECT `pid` FROM `so_menu` WHERE ( pid !=0 AND url like '%Index/index%' ) LIMIT 1   [ RunTime:0.0005s ]
INFO: [ view_parse ] --START--
INFO: [ template_filter ] --START--
INFO: Run Behavior\ContentReplaceBehavior [ RunTime:0.000150s ]
INFO: [ template_filter ] --END-- [ RunTime:0.000210s ]
INFO: Run Behavior\ParseTemplateBehavior [ RunTime:0.038064s ]
INFO: [ view_parse ] --END-- [ RunTime:0.038169s ]
INFO: [ view_filter ] --START--
INFO: Run Behavior\WriteHtmlCacheBehavior [ RunTime:0.000343s ]
INFO: [ view_filter ] --END-- [ RunTime:0.000380s ]
INFO: [ app_end ] --START--
INFO: Run Behavior\ShowPageTraceBehavior [ RunTime:0.000459s ]
INFO: Run Common\Behavior\CronRunBehavior [ RunTime:0.002800s ]
INFO: [ app_end ] --END-- [ RunTime:0.003333s ]

[ 2018-01-23T10:55:02+08:00 ] ::1 /smartorder/admin.php/MenuManage/index.html
INFO: [ app_init ] --START--
INFO: Run Behavior\BuildLiteBehavior [ RunTime:0.000017s ]
INFO: [ app_init ] --END-- [ RunTime:0.000442s ]
INFO: [ app_begin ] --START--
INFO: Run Behavior\ReadHtmlCacheBehavior [ RunTime:0.000435s ]
INFO: [ app_begin ] --END-- [ RunTime:0.000475s ]
SQL: SHOW COLUMNS FROM `so_menu` [ RunTime:0.0126s ]
SQL: SELECT `id`,`title`,`url` FROM `so_menu` WHERE `pid` = 0 AND `hide` = 0 AND `is_dev` = 0 ORDER BY sort asc  [ RunTime:0.0005s ]
SQL: SELECT `pid` FROM `so_menu` WHERE ( pid !=0 AND url like '%MenuManage/index%' ) LIMIT 1   [ RunTime:0.0003s ]
SQL: SELECT * FROM `so_menu` WHERE `id` = 2 LIMIT 1   [ RunTime:0.0002s ]
SQL: SELECT DISTINCT  `group` FROM `so_menu` WHERE `group` <> '' AND `pid` = 2  [ RunTime:0.0003s ]
SQL: SELECT `id`,`url` FROM `so_menu` WHERE `pid` = 2 AND `hide` = 0 AND `is_dev` = 0  [ RunTime:0.0002s ]
SQL: SELECT `id`,`pid`,`title`,`url`,`tip` FROM `so_menu` WHERE `group` = '菜系管理' AND `pid` = 2 AND `hide` = 0 AND `is_dev` = 0 ORDER BY sort asc  [ RunTime:0.0003s ]
SQL: SELECT `id`,`pid`,`title`,`url`,`tip` FROM `so_menu` WHERE `group` = '菜品管理' AND `pid` = 2 AND `hide` = 0 AND `is_dev` = 0 ORDER BY sort asc  [ RunTime:0.0003s ]
SQL: SHOW COLUMNS FROM `so_cookstyle` [ RunTime:0.0331s ]
SQL: SELECT * FROM `so_cookstyle` WHERE ( is_delete = 0 )  [ RunTime:0.0003s ]
INFO: [ view_parse ] --START--
INFO: [ template_filter ] --START--
INFO: Run Behavior\ContentReplaceBehavior [ RunTime:0.000123s ]
INFO: [ template_filter ] --END-- [ RunTime:0.000166s ]
SQL: SHOW COLUMNS FROM `so_cookmenu` [ RunTime:0.0039s ]
SQL: SELECT COUNT(*) AS tp_count FROM `so_cookmenu` WHERE `styleid` = 1 LIMIT 1   [ RunTime:0.0003s ]
SQL: SELECT COUNT(*) AS tp_count FROM `so_cookmenu` WHERE `styleid` = 2 LIMIT 1   [ RunTime:0.0001s ]
SQL: SELECT COUNT(*) AS tp_count FROM `so_cookmenu` WHERE `styleid` = 3 LIMIT 1   [ RunTime:0.0001s ]
SQL: SELECT COUNT(*) AS tp_count FROM `so_cookmenu` WHERE `styleid` = 4 LIMIT 1   [ RunTime:0.0001s ]
SQL: SELECT COUNT(*) AS tp_count FROM `so_cookmenu` WHERE `styleid` = 5 LIMIT 1   [ RunTime:0.0001s ]
SQL: SELECT COUNT(*) AS tp_count FROM `so_cookmenu` WHERE `styleid` = 6 LIMIT 1   [ RunTime:0.0001s ]
SQL: SELECT COUNT(*) AS tp_count FROM `so_cookmenu` WHERE `styleid` = 7 LIMIT 1   [ RunTime:0.0001s ]
SQL: SELECT COUNT(*) AS tp_count FROM `so_cookmenu` WHERE `styleid` = 8 LIMIT 1   [ RunTime:0.0001s ]
SQL: SELECT COUNT(*) AS tp_count FROM `so_cookmenu` WHERE `styleid` = 9 LIMIT 1   [ RunTime:0.0001s ]
SQL: SELECT COUNT(*) AS tp_count FROM `so_cookmenu` WHERE `styleid` = 10 LIMIT 1   [ RunTime:0.0001s ]
SQL: SELECT COUNT(*) AS tp_count FROM `so_cookmenu` WHERE `styleid` = 11 LIMIT 1   [ RunTime:0.0001s ]
INFO: Run Behavior\ParseTemplateBehavior [ RunTime:0.017795s ]
INFO: [ view_parse ] --END-- [ RunTime:0.017831s ]
INFO: [ view_filter ] --START--
INFO: Run Behavior\WriteHtmlCacheBehavior [ RunTime:0.000497s ]
INFO: [ view_filter ] --END-- [ RunTime:0.000526s ]
INFO: [ app_end ] --START--
INFO: Run Behavior\ShowPageTraceBehavior [ RunTime:0.000509s ]
INFO: Run Common\Behavior\CronRunBehavior [ RunTime:0.002978s ]
INFO: [ app_end ] --END-- [ RunTime:0.003555s ]

[ 2018-01-23T10:55:05+08:00 ] ::1 /smartorder/admin.php/MenuManage/cookmenu.html
INFO: [ app_init ] --START--
INFO: Run Behavior\BuildLiteBehavior [ RunTime:0.000009s ]
INFO: [ app_init ] --END-- [ RunTime:0.000343s ]
INFO: [ app_begin ] --START--
INFO: Run Behavior\ReadHtmlCacheBehavior [ RunTime:0.000510s ]
INFO: [ app_begin ] --END-- [ RunTime:0.000547s ]
SQL: SHOW COLUMNS FROM `so_menu` [ RunTime:0.0031s ]
SQL: SELECT `id`,`title`,`url` FROM `so_menu` WHERE `pid` = 0 AND `hide` = 0 AND `is_dev` = 0 ORDER BY sort asc  [ RunTime:0.0004s ]
SQL: SELECT `pid` FROM `so_menu` WHERE ( pid !=0 AND url like '%MenuManage/cookmenu%' ) LIMIT 1   [ RunTime:0.0002s ]
SQL: SELECT * FROM `so_menu` WHERE `id` = 2 LIMIT 1   [ RunTime:0.0002s ]
SQL: SELECT DISTINCT  `group` FROM `so_menu` WHERE `group` <> '' AND `pid` = 2  [ RunTime:0.0003s ]
SQL: SELECT `id`,`url` FROM `so_menu` WHERE `pid` = 2 AND `hide` = 0 AND `is_dev` = 0  [ RunTime:0.0003s ]
SQL: SELECT `id`,`pid`,`title`,`url`,`tip` FROM `so_menu` WHERE `group` = '菜系管理' AND `pid` = 2 AND `hide` = 0 AND `is_dev` = 0 ORDER BY sort asc  [ RunTime:0.0005s ]
SQL: SELECT `id`,`pid`,`title`,`url`,`tip` FROM `so_menu` WHERE `group` = '菜品管理' AND `pid` = 2 AND `hide` = 0 AND `is_dev` = 0 ORDER BY sort asc  [ RunTime:0.0005s ]
SQL: SHOW COLUMNS FROM `so_cookmenu` [ RunTime:0.0041s ]
SQL: SELECT `cookname`,`stylename`,so_cookmenu.id,`price`,`standard`,`recommend` FROM `so_cookmenu` INNER JOIN so_cookstyle on so_cookmenu.styleid=so_cookstyle.c_id  WHERE ( so_cookmenu.is_delete != 1 )  [ RunTime:0.0006s ]
INFO: [ view_parse ] --START--
INFO: [ template_filter ] --START--
INFO: Run Behavior\ContentReplaceBehavior [ RunTime:0.000119s ]
INFO: [ template_filter ] --END-- [ RunTime:0.000154s ]
INFO: Run Behavior\ParseTemplateBehavior [ RunTime:0.011481s ]
INFO: [ view_parse ] --END-- [ RunTime:0.011544s ]
INFO: [ view_filter ] --START--
INFO: Run Behavior\WriteHtmlCacheBehavior [ RunTime:0.000605s ]
INFO: [ view_filter ] --END-- [ RunTime:0.000634s ]
INFO: [ app_end ] --START--
INFO: Run Behavior\ShowPageTraceBehavior [ RunTime:0.000528s ]
INFO: Run Common\Behavior\CronRunBehavior [ RunTime:0.002004s ]
INFO: [ app_end ] --END-- [ RunTime:0.002606s ]

[ 2018-01-23T10:55:13+08:00 ] ::1 /smartorder/admin.php/MenuManage/index.html
INFO: [ app_init ] --START--
INFO: Run Behavior\BuildLiteBehavior [ RunTime:0.000010s ]
INFO: [ app_init ] --END-- [ RunTime:0.000353s ]
INFO: [ app_begin ] --START--
INFO: Run Behavior\ReadHtmlCacheBehavior [ RunTime:0.000473s ]
INFO: [ app_begin ] --END-- [ RunTime:0.000506s ]
SQL: SHOW COLUMNS FROM `so_menu` [ RunTime:0.0030s ]
SQL: SELECT `id`,`title`,`url` FROM `so_menu` WHERE `pid` = 0 AND `hide` = 0 AND `is_dev` = 0 ORDER BY sort asc  [ RunTime:0.0004s ]
SQL: SELECT `pid` FROM `so_menu` WHERE ( pid !=0 AND url like '%MenuManage/index%' ) LIMIT 1   [ RunTime:0.0002s ]
SQL: SELECT * FROM `so_menu` WHERE `id` = 2 LIMIT 1   [ RunTime:0.0002s ]
SQL: SELECT DISTINCT  `group` FROM `so_menu` WHERE `group` <> '' AND `pid` = 2  [ RunTime:0.0003s ]
SQL: SELECT `id`,`url` FROM `so_menu` WHERE `pid` = 2 AND `hide` = 0 AND `is_dev` = 0  [ RunTime:0.0002s ]
SQL: SELECT `id`,`pid`,`title`,`url`,`tip` FROM `so_menu` WHERE `group` = '菜系管理' AND `pid` = 2 AND `hide` = 0 AND `is_dev` = 0 ORDER BY sort asc  [ RunTime:0.0003s ]
SQL: SELECT `id`,`pid`,`title`,`url`,`tip` FROM `so_menu` WHERE `group` = '菜品管理' AND `pid` = 2 AND `hide` = 0 AND `is_dev` = 0 ORDER BY sort asc  [ RunTime:0.0004s ]
SQL: SHOW COLUMNS FROM `so_cookstyle` [ RunTime:0.0049s ]
SQL: SELECT * FROM `so_cookstyle` WHERE ( is_delete = 0 )  [ RunTime:0.0007s ]
INFO: [ view_parse ] --START--
INFO: [ template_filter ] --START--
INFO: Run Behavior\ContentReplaceBehavior [ RunTime:0.000119s ]
INFO: [ template_filter ] --END-- [ RunTime:0.000156s ]
SQL: SHOW COLUMNS FROM `so_cookmenu` [ RunTime:0.0050s ]
SQL: SELECT COUNT(*) AS tp_count FROM `so_cookmenu` WHERE `styleid` = 1 LIMIT 1   [ RunTime:0.0003s ]
SQL: SELECT COUNT(*) AS tp_count FROM `so_cookmenu` WHERE `styleid` = 2 LIMIT 1   [ RunTime:0.0001s ]
SQL: SELECT COUNT(*) AS tp_count FROM `so_cookmenu` WHERE `styleid` = 3 LIMIT 1   [ RunTime:0.0001s ]
SQL: SELECT COUNT(*) AS tp_count FROM `so_cookmenu` WHERE `styleid` = 4 LIMIT 1   [ RunTime:0.0001s ]
SQL: SELECT COUNT(*) AS tp_count FROM `so_cookmenu` WHERE `styleid` = 5 LIMIT 1   [ RunTime:0.0001s ]
SQL: SELECT COUNT(*) AS tp_count FROM `so_cookmenu` WHERE `styleid` = 6 LIMIT 1   [ RunTime:0.0001s ]
SQL: SELECT COUNT(*) AS tp_count FROM `so_cookmenu` WHERE `styleid` = 7 LIMIT 1   [ RunTime:0.0001s ]
SQL: SELECT COUNT(*) AS tp_count FROM `so_cookmenu` WHERE `styleid` = 8 LIMIT 1   [ RunTime:0.0002s ]
SQL: SELECT COUNT(*) AS tp_count FROM `so_cookmenu` WHERE `styleid` = 9 LIMIT 1   [ RunTime:0.0001s ]
SQL: SELECT COUNT(*) AS tp_count FROM `so_cookmenu` WHERE `styleid` = 10 LIMIT 1   [ RunTime:0.0001s ]
SQL: SELECT COUNT(*) AS tp_count FROM `so_cookmenu` WHERE `styleid` = 11 LIMIT 1   [ RunTime:0.0001s ]
INFO: Run Behavior\ParseTemplateBehavior [ RunTime:0.018439s ]
INFO: [ view_parse ] --END-- [ RunTime:0.018484s ]
INFO: [ view_filter ] --START--
INFO: Run Behavior\WriteHtmlCacheBehavior [ RunTime:0.000491s ]
INFO: [ view_filter ] --END-- [ RunTime:0.000517s ]
INFO: [ app_end ] --START--
INFO: Run Behavior\ShowPageTraceBehavior [ RunTime:0.000479s ]
INFO: Run Common\Behavior\CronRunBehavior [ RunTime:0.001807s ]
INFO: [ app_end ] --END-- [ RunTime:0.002352s ]

[ 2018-01-23T10:55:14+08:00 ] ::1 /smartorder/admin.php/MenuManage/cookmenu.html
INFO: [ app_init ] --START--
INFO: Run Behavior\BuildLiteBehavior [ RunTime:0.000011s ]
INFO: [ app_init ] --END-- [ RunTime:0.000309s ]
INFO: [ app_begin ] --START--
INFO: Run Behavior\ReadHtmlCacheBehavior [ RunTime:0.000572s ]
INFO: [ app_begin ] --END-- [ RunTime:0.000629s ]
SQL: SHOW COLUMNS FROM `so_menu` [ RunTime:0.0033s ]
SQL: SELECT `id`,`title`,`url` FROM `so_menu` WHERE `pid` = 0 AND `hide` = 0 AND `is_dev` = 0 ORDER BY sort asc  [ RunTime:0.0007s ]
SQL: SELECT `pid` FROM `so_menu` WHERE ( pid !=0 AND url like '%MenuManage/cookmenu%' ) LIMIT 1   [ RunTime:0.0004s ]
SQL: SELECT * FROM `so_menu` WHERE `id` = 2 LIMIT 1   [ RunTime:0.0003s ]
SQL: SELECT DISTINCT  `group` FROM `so_menu` WHERE `group` <> '' AND `pid` = 2  [ RunTime:0.0004s ]
SQL: SELECT `id`,`url` FROM `so_menu` WHERE `pid` = 2 AND `hide` = 0 AND `is_dev` = 0  [ RunTime:0.0002s ]
SQL: SELECT `id`,`pid`,`title`,`url`,`tip` FROM `so_menu` WHERE `group` = '菜系管理' AND `pid` = 2 AND `hide` = 0 AND `is_dev` = 0 ORDER BY sort asc  [ RunTime:0.0006s ]
SQL: SELECT `id`,`pid`,`title`,`url`,`tip` FROM `so_menu` WHERE `group` = '菜品管理' AND `pid` = 2 AND `hide` = 0 AND `is_dev` = 0 ORDER BY sort asc  [ RunTime:0.0002s ]
SQL: SHOW COLUMNS FROM `so_cookmenu` [ RunTime:0.0027s ]
SQL: SELECT `cookname`,`stylename`,so_cookmenu.id,`price`,`standard`,`recommend` FROM `so_cookmenu` INNER JOIN so_cookstyle on so_cookmenu.styleid=so_cookstyle.c_id  WHERE ( so_cookmenu.is_delete != 1 )  [ RunTime:0.0004s ]
INFO: [ view_parse ] --START--
INFO: [ template_filter ] --START--
INFO: Run Behavior\ContentReplaceBehavior [ RunTime:0.000120s ]
INFO: [ template_filter ] --END-- [ RunTime:0.000158s ]
INFO: Run Behavior\ParseTemplateBehavior [ RunTime:0.009794s ]
INFO: [ view_parse ] --END-- [ RunTime:0.009862s ]
INFO: [ view_filter ] --START--
INFO: Run Behavior\WriteHtmlCacheBehavior [ RunTime:0.000726s ]
INFO: [ view_filter ] --END-- [ RunTime:0.000774s ]
INFO: [ app_end ] --START--
INFO: Run Behavior\ShowPageTraceBehavior [ RunTime:0.000686s ]
INFO: Run Common\Behavior\CronRunBehavior [ RunTime:0.001919s ]
INFO: [ app_end ] --END-- [ RunTime:0.002673s ]

[ 2018-01-23T10:55:18+08:00 ] ::1 /smartorder/admin.php/MenuManage/upImage/id/1
INFO: [ app_init ] --START--
INFO: Run Behavior\BuildLiteBehavior [ RunTime:0.000008s ]
INFO: [ app_init ] --END-- [ RunTime:0.000343s ]
INFO: [ app_begin ] --START--
INFO: Run Behavior\ReadHtmlCacheBehavior [ RunTime:0.000496s ]
INFO: [ app_begin ] --END-- [ RunTime:0.000530s ]
SQL: SHOW COLUMNS FROM `so_menu` [ RunTime:0.0063s ]
SQL: SELECT `id`,`title`,`url` FROM `so_menu` WHERE `pid` = 0 AND `hide` = 0 AND `is_dev` = 0 ORDER BY sort asc  [ RunTime:0.0003s ]
SQL: SELECT `pid` FROM `so_menu` WHERE ( pid !=0 AND url like '%MenuManage/upImage%' ) LIMIT 1   [ RunTime:0.0003s ]
SQL: SELECT * FROM `so_menu` WHERE `id` = 2 LIMIT 1   [ RunTime:0.0002s ]
SQL: SELECT DISTINCT  `group` FROM `so_menu` WHERE `group` <> '' AND `pid` = 2  [ RunTime:0.0003s ]
SQL: SELECT `id`,`url` FROM `so_menu` WHERE `pid` = 2 AND `hide` = 0 AND `is_dev` = 0  [ RunTime:0.0003s ]
SQL: SELECT `id`,`pid`,`title`,`url`,`tip` FROM `so_menu` WHERE `group` = '菜系管理' AND `pid` = 2 AND `hide` = 0 AND `is_dev` = 0 ORDER BY sort asc  [ RunTime:0.0003s ]
SQL: SELECT `id`,`pid`,`title`,`url`,`tip` FROM `so_menu` WHERE `group` = '菜品管理' AND `pid` = 2 AND `hide` = 0 AND `is_dev` = 0 ORDER BY sort asc  [ RunTime:0.0003s ]
SQL: SHOW COLUMNS FROM `so_cookmenu` [ RunTime:0.0026s ]
SQL: SELECT * FROM `so_cookmenu` WHERE `id` = 1 LIMIT 1   [ RunTime:0.0002s ]
INFO: [ view_parse ] --START--
INFO: [ template_filter ] --START--
INFO: Run Behavior\ContentReplaceBehavior [ RunTime:0.000126s ]
INFO: [ template_filter ] --END-- [ RunTime:0.000162s ]
NOTIC: [8] Undefined variable: meta_title D:\xampp\htdocs\SmartOrder\Runtime\Cache\Admin\b5ba47ee12ec98188490d26840f33891.php 第 5 行.
NOTIC: [8] Use of undefined constant info - assumed 'info' D:\xampp\htdocs\SmartOrder\Runtime\Cache\Admin\b5ba47ee12ec98188490d26840f33891.php 第 119 行.
NOTIC: [8] Use of undefined constant picture - assumed 'picture' D:\xampp\htdocs\SmartOrder\Runtime\Cache\Admin\b5ba47ee12ec98188490d26840f33891.php 第 119 行.
INFO: Run Behavior\ParseTemplateBehavior [ RunTime:0.028421s ]
INFO: [ view_parse ] --END-- [ RunTime:0.028459s ]
INFO: [ view_filter ] --START--
INFO: Run Behavior\WriteHtmlCacheBehavior [ RunTime:0.000360s ]
INFO: [ view_filter ] --END-- [ RunTime:0.000384s ]
INFO: [ app_end ] --START--
INFO: Run Behavior\ShowPageTraceBehavior [ RunTime:0.000459s ]
INFO: Run Common\Behavior\CronRunBehavior [ RunTime:0.002051s ]
INFO: [ app_end ] --END-- [ RunTime:0.002578s ]

[ 2018-01-23T10:55:22+08:00 ] ::1 /smartorder/admin.php/UserManage/index.html
INFO: [ app_init ] --START--
INFO: Run Behavior\BuildLiteBehavior [ RunTime:0.000013s ]
INFO: [ app_init ] --END-- [ RunTime:0.000329s ]
INFO: [ app_begin ] --START--
INFO: Run Behavior\ReadHtmlCacheBehavior [ RunTime:0.000490s ]
INFO: [ app_begin ] --END-- [ RunTime:0.000536s ]
SQL: SHOW COLUMNS FROM `so_menu` [ RunTime:0.0062s ]
SQL: SELECT `id`,`title`,`url` FROM `so_menu` WHERE `pid` = 0 AND `hide` = 0 AND `is_dev` = 0 ORDER BY sort asc  [ RunTime:0.0004s ]
SQL: SELECT `pid` FROM `so_menu` WHERE ( pid !=0 AND url like '%UserManage/index%' ) LIMIT 1   [ RunTime:0.0002s ]
SQL: SELECT * FROM `so_menu` WHERE `id` = 3 LIMIT 1   [ RunTime:0.0002s ]
SQL: SELECT DISTINCT  `group` FROM `so_menu` WHERE `group` <> '' AND `pid` = 3  [ RunTime:0.0002s ]
SQL: SELECT `id`,`url` FROM `so_menu` WHERE `pid` = 3 AND `hide` = 0 AND `is_dev` = 0  [ RunTime:0.0002s ]
SQL: SELECT `id`,`pid`,`title`,`url`,`tip` FROM `so_menu` WHERE `group` = '用户管理' AND `pid` = 3 AND `hide` = 0 AND `is_dev` = 0 ORDER BY sort asc  [ RunTime:0.0003s ]
SQL: SHOW COLUMNS FROM `so_user` [ RunTime:0.0451s ]
SQL: SELECT * FROM `so_user`  [ RunTime:0.0005s ]
SQL: SHOW COLUMNS FROM `so_position` [ RunTime:0.0384s ]
SQL: SELECT * FROM `so_position`  [ RunTime:0.0002s ]
NOTIC: [8] Undefined index: Position D:\xampp\htdocs\SmartOrder\Application\Admin\Controller\UserManageController.class.php 第 19 行.
NOTIC: [8] Undefined index: Position D:\xampp\htdocs\SmartOrder\Application\Admin\Controller\UserManageController.class.php 第 19 行.
NOTIC: [8] Undefined index: Position D:\xampp\htdocs\SmartOrder\Application\Admin\Controller\UserManageController.class.php 第 19 行.
NOTIC: [8] Undefined index: Position D:\xampp\htdocs\SmartOrder\Application\Admin\Controller\UserManageController.class.php 第 19 行.
NOTIC: [8] Undefined index: Position D:\xampp\htdocs\SmartOrder\Application\Admin\Controller\UserManageController.class.php 第 19 行.
NOTIC: [8] Undefined index: Position D:\xampp\htdocs\SmartOrder\Application\Admin\Controller\UserManageController.class.php 第 19 行.
NOTIC: [8] Undefined index: Position D:\xampp\htdocs\SmartOrder\Application\Admin\Controller\UserManageController.class.php 第 19 行.
NOTIC: [8] Undefined index: Position D:\xampp\htdocs\SmartOrder\Application\Admin\Controller\UserManageController.class.php 第 19 行.
NOTIC: [8] Undefined index: Position D:\xampp\htdocs\SmartOrder\Application\Admin\Controller\UserManageController.class.php 第 19 行.
NOTIC: [8] Undefined index: Position D:\xampp\htdocs\SmartOrder\Application\Admin\Controller\UserManageController.class.php 第 19 行.
NOTIC: [8] Undefined index: Position D:\xampp\htdocs\SmartOrder\Application\Admin\Controller\UserManageController.class.php 第 19 行.
NOTIC: [8] Undefined index: Position D:\xampp\htdocs\SmartOrder\Application\Admin\Controller\UserManageController.class.php 第 19 行.
NOTIC: [8] Undefined index: Position D:\xampp\htdocs\SmartOrder\Application\Admin\Controller\UserManageController.class.php 第 19 行.
NOTIC: [8] Undefined index: Position D:\xampp\htdocs\SmartOrder\Application\Admin\Controller\UserManageController.class.php 第 19 行.
NOTIC: [8] Undefined index: Position D:\xampp\htdocs\SmartOrder\Application\Admin\Controller\UserManageController.class.php 第 19 行.
NOTIC: [8] Undefined index: Position D:\xampp\htdocs\SmartOrder\Application\Admin\Controller\UserManageController.class.php 第 19 行.
NOTIC: [8] Undefined index: Position D:\xampp\htdocs\SmartOrder\Application\Admin\Controller\UserManageController.class.php 第 19 行.
NOTIC: [8] Undefined index: Position D:\xampp\htdocs\SmartOrder\Application\Admin\Controller\UserManageController.class.php 第 19 行.
NOTIC: [8] Undefined index: Position D:\xampp\htdocs\SmartOrder\Application\Admin\Controller\UserManageController.class.php 第 19 行.
NOTIC: [8] Undefined index: Position D:\xampp\htdocs\SmartOrder\Application\Admin\Controller\UserManageController.class.php 第 19 行.
INFO: [ view_parse ] --START--
INFO: [ template_filter ] --START--
INFO: Run Behavior\ContentReplaceBehavior [ RunTime:0.000122s ]
INFO: [ template_filter ] --END-- [ RunTime:0.000167s ]
NOTIC: [8] Undefined variable: meta_title D:\xampp\htdocs\SmartOrder\Runtime\Cache\Admin\3c7f6c15843b813090faa90a45856594.php 第 5 行.
INFO: Run Behavior\ParseTemplateBehavior [ RunTime:0.012735s ]
INFO: [ view_parse ] --END-- [ RunTime:0.012794s ]
INFO: [ view_filter ] --START--
INFO: Run Behavior\WriteHtmlCacheBehavior [ RunTime:0.000615s ]
INFO: [ view_filter ] --END-- [ RunTime:0.000654s ]
INFO: [ app_end ] --START--
INFO: Run Behavior\ShowPageTraceBehavior [ RunTime:0.000791s ]
INFO: Run Common\Behavior\CronRunBehavior [ RunTime:0.002542s ]
INFO: [ app_end ] --END-- [ RunTime:0.003456s ]

[ 2018-01-23T10:55:28+08:00 ] ::1 /smartorder/admin.php/UserManage/AddUser.html
INFO: [ app_init ] --START--
INFO: Run Behavior\BuildLiteBehavior [ RunTime:0.000011s ]
INFO: [ app_init ] --END-- [ RunTime:0.000335s ]
INFO: [ app_begin ] --START--
INFO: Run Behavior\ReadHtmlCacheBehavior [ RunTime:0.000417s ]
INFO: [ app_begin ] --END-- [ RunTime:0.000449s ]
SQL: SHOW COLUMNS FROM `so_menu` [ RunTime:0.0050s ]
SQL: SELECT `id`,`title`,`url` FROM `so_menu` WHERE `pid` = 0 AND `hide` = 0 AND `is_dev` = 0 ORDER BY sort asc  [ RunTime:0.0004s ]
SQL: SELECT `pid` FROM `so_menu` WHERE ( pid !=0 AND url like '%UserManage/AddUser%' ) LIMIT 1   [ RunTime:0.0002s ]
SQL: SELECT * FROM `so_menu` WHERE `id` = 3 LIMIT 1   [ RunTime:0.0002s ]
SQL: SELECT DISTINCT  `group` FROM `so_menu` WHERE `group` <> '' AND `pid` = 3  [ RunTime:0.0002s ]
SQL: SELECT `id`,`url` FROM `so_menu` WHERE `pid` = 3 AND `hide` = 0 AND `is_dev` = 0  [ RunTime:0.0002s ]
SQL: SELECT `id`,`pid`,`title`,`url`,`tip` FROM `so_menu` WHERE `group` = '用户管理' AND `pid` = 3 AND `hide` = 0 AND `is_dev` = 0 ORDER BY sort asc  [ RunTime:0.0002s ]
SQL: SHOW COLUMNS FROM `so_position` [ RunTime:0.0035s ]
SQL: SELECT * FROM `so_position`  [ RunTime:0.0004s ]
INFO: [ view_parse ] --START--
INFO: [ template_filter ] --START--
INFO: Run Behavior\ContentReplaceBehavior [ RunTime:0.000130s ]
INFO: [ template_filter ] --END-- [ RunTime:0.000177s ]
NOTIC: [8] Undefined variable: meta_title D:\xampp\htdocs\SmartOrder\Runtime\Cache\Admin\c9719dd0d157b8e7ec17bf318fe84276.php 第 5 行.
INFO: Run Behavior\ParseTemplateBehavior [ RunTime:0.011616s ]
INFO: [ view_parse ] --END-- [ RunTime:0.011664s ]
INFO: [ view_filter ] --START--
INFO: Run Behavior\WriteHtmlCacheBehavior [ RunTime:0.000385s ]
INFO: [ view_filter ] --END-- [ RunTime:0.000412s ]
INFO: [ app_end ] --START--
INFO: Run Behavior\ShowPageTraceBehavior [ RunTime:0.000557s ]
INFO: Run Common\Behavior\CronRunBehavior [ RunTime:0.002190s ]
INFO: [ app_end ] --END-- [ RunTime:0.002818s ]

[ 2018-01-23T10:55:29+08:00 ] ::1 /smartorder/admin.php/UserManage/index.html
INFO: [ app_init ] --START--
INFO: Run Behavior\BuildLiteBehavior [ RunTime:0.000010s ]
INFO: [ app_init ] --END-- [ RunTime:0.000314s ]
INFO: [ app_begin ] --START--
INFO: Run Behavior\ReadHtmlCacheBehavior [ RunTime:0.000656s ]
INFO: [ app_begin ] --END-- [ RunTime:0.000733s ]
SQL: SHOW COLUMNS FROM `so_menu` [ RunTime:0.0170s ]
SQL: SELECT `id`,`title`,`url` FROM `so_menu` WHERE `pid` = 0 AND `hide` = 0 AND `is_dev` = 0 ORDER BY sort asc  [ RunTime:0.0004s ]
SQL: SELECT `pid` FROM `so_menu` WHERE ( pid !=0 AND url like '%UserManage/index%' ) LIMIT 1   [ RunTime:0.0002s ]
SQL: SELECT * FROM `so_menu` WHERE `id` = 3 LIMIT 1   [ RunTime:0.0002s ]
SQL: SELECT DISTINCT  `group` FROM `so_menu` WHERE `group` <> '' AND `pid` = 3  [ RunTime:0.0002s ]
SQL: SELECT `id`,`url` FROM `so_menu` WHERE `pid` = 3 AND `hide` = 0 AND `is_dev` = 0  [ RunTime:0.0002s ]
SQL: SELECT `id`,`pid`,`title`,`url`,`tip` FROM `so_menu` WHERE `group` = '用户管理' AND `pid` = 3 AND `hide` = 0 AND `is_dev` = 0 ORDER BY sort asc  [ RunTime:0.0002s ]
SQL: SHOW COLUMNS FROM `so_user` [ RunTime:0.0050s ]
SQL: SELECT * FROM `so_user`  [ RunTime:0.0005s ]
SQL: SHOW COLUMNS FROM `so_position` [ RunTime:0.0222s ]
SQL: SELECT * FROM `so_position`  [ RunTime:0.0002s ]
NOTIC: [8] Undefined index: Position D:\xampp\htdocs\SmartOrder\Application\Admin\Controller\UserManageController.class.php 第 19 行.
NOTIC: [8] Undefined index: Position D:\xampp\htdocs\SmartOrder\Application\Admin\Controller\UserManageController.class.php 第 19 行.
NOTIC: [8] Undefined index: Position D:\xampp\htdocs\SmartOrder\Application\Admin\Controller\UserManageController.class.php 第 19 行.
NOTIC: [8] Undefined index: Position D:\xampp\htdocs\SmartOrder\Application\Admin\Controller\UserManageController.class.php 第 19 行.
NOTIC: [8] Undefined index: Position D:\xampp\htdocs\SmartOrder\Application\Admin\Controller\UserManageController.class.php 第 19 行.
NOTIC: [8] Undefined index: Position D:\xampp\htdocs\SmartOrder\Application\Admin\Controller\UserManageController.class.php 第 19 行.
NOTIC: [8] Undefined index: Position D:\xampp\htdocs\SmartOrder\Application\Admin\Controller\UserManageController.class.php 第 19 行.
NOTIC: [8] Undefined index: Position D:\xampp\htdocs\SmartOrder\Application\Admin\Controller\UserManageController.class.php 第 19 行.
NOTIC: [8] Undefined index: Position D:\xampp\htdocs\SmartOrder\Application\Admin\Controller\UserManageController.class.php 第 19 行.
NOTIC: [8] Undefined index: Position D:\xampp\htdocs\SmartOrder\Application\Admin\Controller\UserManageController.class.php 第 19 行.
NOTIC: [8] Undefined index: Position D:\xampp\htdocs\SmartOrder\Application\Admin\Controller\UserManageController.class.php 第 19 行.
NOTIC: [8] Undefined index: Position D:\xampp\htdocs\SmartOrder\Application\Admin\Controller\UserManageController.class.php 第 19 行.
NOTIC: [8] Undefined index: Position D:\xampp\htdocs\SmartOrder\Application\Admin\Controller\UserManageController.class.php 第 19 行.
NOTIC: [8] Undefined index: Position D:\xampp\htdocs\SmartOrder\Application\Admin\Controller\UserManageController.class.php 第 19 行.
NOTIC: [8] Undefined index: Position D:\xampp\htdocs\SmartOrder\Application\Admin\Controller\UserManageController.class.php 第 19 行.
NOTIC: [8] Undefined index: Position D:\xampp\htdocs\SmartOrder\Application\Admin\Controller\UserManageController.class.php 第 19 行.
NOTIC: [8] Undefined index: Position D:\xampp\htdocs\SmartOrder\Application\Admin\Controller\UserManageController.class.php 第 19 行.
NOTIC: [8] Undefined index: Position D:\xampp\htdocs\SmartOrder\Application\Admin\Controller\UserManageController.class.php 第 19 行.
NOTIC: [8] Undefined index: Position D:\xampp\htdocs\SmartOrder\Application\Admin\Controller\UserManageController.class.php 第 19 行.
NOTIC: [8] Undefined index: Position D:\xampp\htdocs\SmartOrder\Application\Admin\Controller\UserManageController.class.php 第 19 行.
INFO: [ view_parse ] --START--
INFO: [ template_filter ] --START--
INFO: Run Behavior\ContentReplaceBehavior [ RunTime:0.000120s ]
INFO: [ template_filter ] --END-- [ RunTime:0.000160s ]
NOTIC: [8] Undefined variable: meta_title D:\xampp\htdocs\SmartOrder\Runtime\Cache\Admin\3c7f6c15843b813090faa90a45856594.php 第 5 行.
INFO: Run Behavior\ParseTemplateBehavior [ RunTime:0.011095s ]
INFO: [ view_parse ] --END-- [ RunTime:0.011126s ]
INFO: [ view_filter ] --START--
INFO: Run Behavior\WriteHtmlCacheBehavior [ RunTime:0.000316s ]
INFO: [ view_filter ] --END-- [ RunTime:0.000341s ]
INFO: [ app_end ] --START--
INFO: Run Behavior\ShowPageTraceBehavior [ RunTime:0.000456s ]
INFO: Run Common\Behavior\CronRunBehavior [ RunTime:0.002197s ]
INFO: [ app_end ] --END-- [ RunTime:0.002723s ]

[ 2018-01-23T14:25:53+08:00 ] ::1 /smartorder/admin.php/MenuManage/index.html
INFO: [ app_init ] --START--
INFO: Run Behavior\BuildLiteBehavior [ RunTime:0.000012s ]
INFO: [ app_init ] --END-- [ RunTime:0.000403s ]
INFO: [ app_begin ] --START--
INFO: Run Behavior\ReadHtmlCacheBehavior [ RunTime:0.000488s ]
INFO: [ app_begin ] --END-- [ RunTime:0.000538s ]
SQL: SHOW COLUMNS FROM `so_menu` [ RunTime:0.0041s ]
SQL: SELECT `id`,`title`,`url` FROM `so_menu` WHERE `pid` = 0 AND `hide` = 0 AND `is_dev` = 0 ORDER BY sort asc  [ RunTime:0.0005s ]
SQL: SELECT `pid` FROM `so_menu` WHERE ( pid !=0 AND url like '%MenuManage/index%' ) LIMIT 1   [ RunTime:0.0002s ]
SQL: SELECT * FROM `so_menu` WHERE `id` = 2 LIMIT 1   [ RunTime:0.0002s ]
SQL: SELECT DISTINCT  `group` FROM `so_menu` WHERE `group` <> '' AND `pid` = 2  [ RunTime:0.0003s ]
SQL: SELECT `id`,`url` FROM `so_menu` WHERE `pid` = 2 AND `hide` = 0 AND `is_dev` = 0  [ RunTime:0.0002s ]
SQL: SELECT `id`,`pid`,`title`,`url`,`tip` FROM `so_menu` WHERE `group` = '菜系管理' AND `pid` = 2 AND `hide` = 0 AND `is_dev` = 0 ORDER BY sort asc  [ RunTime:0.0002s ]
SQL: SELECT `id`,`pid`,`title`,`url`,`tip` FROM `so_menu` WHERE `group` = '菜品管理' AND `pid` = 2 AND `hide` = 0 AND `is_dev` = 0 ORDER BY sort asc  [ RunTime:0.0002s ]
SQL: SHOW COLUMNS FROM `so_cookstyle` [ RunTime:0.0026s ]
SQL: SELECT * FROM `so_cookstyle` WHERE ( is_delete = 0 )  [ RunTime:0.0004s ]
INFO: [ view_parse ] --START--
INFO: [ template_filter ] --START--
INFO: Run Behavior\ContentReplaceBehavior [ RunTime:0.000122s ]
INFO: [ template_filter ] --END-- [ RunTime:0.000164s ]
SQL: SHOW COLUMNS FROM `so_cookmenu` [ RunTime:0.0033s ]
SQL: SELECT COUNT(*) AS tp_count FROM `so_cookmenu` WHERE `styleid` = 1 LIMIT 1   [ RunTime:0.0006s ]
SQL: SELECT COUNT(*) AS tp_count FROM `so_cookmenu` WHERE `styleid` = 2 LIMIT 1   [ RunTime:0.0003s ]
SQL: SELECT COUNT(*) AS tp_count FROM `so_cookmenu` WHERE `styleid` = 3 LIMIT 1   [ RunTime:0.0003s ]
SQL: SELECT COUNT(*) AS tp_count FROM `so_cookmenu` WHERE `styleid` = 4 LIMIT 1   [ RunTime:0.0002s ]
SQL: SELECT COUNT(*) AS tp_count FROM `so_cookmenu` WHERE `styleid` = 5 LIMIT 1   [ RunTime:0.0001s ]
SQL: SELECT COUNT(*) AS tp_count FROM `so_cookmenu` WHERE `styleid` = 6 LIMIT 1   [ RunTime:0.0005s ]
SQL: SELECT COUNT(*) AS tp_count FROM `so_cookmenu` WHERE `styleid` = 7 LIMIT 1   [ RunTime:0.0002s ]
SQL: SELECT COUNT(*) AS tp_count FROM `so_cookmenu` WHERE `styleid` = 8 LIMIT 1   [ RunTime:0.0001s ]
SQL: SELECT COUNT(*) AS tp_count FROM `so_cookmenu` WHERE `styleid` = 9 LIMIT 1   [ RunTime:0.0001s ]
SQL: SELECT COUNT(*) AS tp_count FROM `so_cookmenu` WHERE `styleid` = 10 LIMIT 1   [ RunTime:0.0002s ]
SQL: SELECT COUNT(*) AS tp_count FROM `so_cookmenu` WHERE `styleid` = 11 LIMIT 1   [ RunTime:0.0001s ]
INFO: Run Behavior\ParseTemplateBehavior [ RunTime:0.022332s ]
INFO: [ view_parse ] --END-- [ RunTime:0.022365s ]
INFO: [ view_filter ] --START--
INFO: Run Behavior\WriteHtmlCacheBehavior [ RunTime:0.000468s ]
INFO: [ view_filter ] --END-- [ RunTime:0.000494s ]
INFO: [ app_end ] --START--
INFO: Run Behavior\ShowPageTraceBehavior [ RunTime:0.000502s ]
INFO: Run Common\Behavior\CronRunBehavior [ RunTime:0.001865s ]
INFO: [ app_end ] --END-- [ RunTime:0.002437s ]

[ 2018-01-23T14:49:59+08:00 ] ::1 /smartorder/admin.php/MenuManage/cookmenu.html
INFO: [ app_init ] --START--
INFO: Run Behavior\BuildLiteBehavior [ RunTime:0.000010s ]
INFO: [ app_init ] --END-- [ RunTime:0.000343s ]
INFO: [ app_begin ] --START--
INFO: Run Behavior\ReadHtmlCacheBehavior [ RunTime:0.000441s ]
INFO: [ app_begin ] --END-- [ RunTime:0.000477s ]
SQL: SHOW COLUMNS FROM `so_menu` [ RunTime:0.0033s ]
SQL: SELECT `id`,`title`,`url` FROM `so_menu` WHERE `pid` = 0 AND `hide` = 0 AND `is_dev` = 0 ORDER BY sort asc  [ RunTime:0.0004s ]
SQL: SELECT `pid` FROM `so_menu` WHERE ( pid !=0 AND url like '%MenuManage/cookmenu%' ) LIMIT 1   [ RunTime:0.0002s ]
SQL: SELECT * FROM `so_menu` WHERE `id` = 2 LIMIT 1   [ RunTime:0.0002s ]
SQL: SELECT DISTINCT  `group` FROM `so_menu` WHERE `group` <> '' AND `pid` = 2  [ RunTime:0.0003s ]
SQL: SELECT `id`,`url` FROM `so_menu` WHERE `pid` = 2 AND `hide` = 0 AND `is_dev` = 0  [ RunTime:0.0002s ]
SQL: SELECT `id`,`pid`,`title`,`url`,`tip` FROM `so_menu` WHERE `group` = '菜系管理' AND `pid` = 2 AND `hide` = 0 AND `is_dev` = 0 ORDER BY sort asc  [ RunTime:0.0003s ]
SQL: SELECT `id`,`pid`,`title`,`url`,`tip` FROM `so_menu` WHERE `group` = '菜品管理' AND `pid` = 2 AND `hide` = 0 AND `is_dev` = 0 ORDER BY sort asc  [ RunTime:0.0002s ]
SQL: SHOW COLUMNS FROM `so_cookmenu` [ RunTime:0.0027s ]
SQL: SELECT `cookname`,`stylename`,so_cookmenu.id,`price`,`standard`,`recommend` FROM `so_cookmenu` INNER JOIN so_cookstyle on so_cookmenu.styleid=so_cookstyle.c_id  WHERE ( so_cookmenu.is_delete != 1 )  [ RunTime:0.0006s ]
INFO: [ view_parse ] --START--
INFO: [ template_filter ] --START--
INFO: Run Behavior\ContentReplaceBehavior [ RunTime:0.000124s ]
INFO: [ template_filter ] --END-- [ RunTime:0.000178s ]
INFO: Run Behavior\ParseTemplateBehavior [ RunTime:0.012159s ]
INFO: [ view_parse ] --END-- [ RunTime:0.012205s ]
INFO: [ view_filter ] --START--
INFO: Run Behavior\WriteHtmlCacheBehavior [ RunTime:0.000303s ]
INFO: [ view_filter ] --END-- [ RunTime:0.000327s ]
INFO: [ app_end ] --START--
INFO: Run Behavior\ShowPageTraceBehavior [ RunTime:0.000458s ]
INFO: Run Common\Behavior\CronRunBehavior [ RunTime:0.002405s ]
INFO: [ app_end ] --END-- [ RunTime:0.002995s ]

[ 2018-01-23T14:57:11+08:00 ] ::1 /smartorder/admin.php/MenuManage/index.html
INFO: [ app_init ] --START--
INFO: Run Behavior\BuildLiteBehavior [ RunTime:0.000010s ]
INFO: [ app_init ] --END-- [ RunTime:0.000303s ]
INFO: [ app_begin ] --START--
INFO: Run Behavior\ReadHtmlCacheBehavior [ RunTime:0.000469s ]
INFO: [ app_begin ] --END-- [ RunTime:0.000502s ]
SQL: SHOW COLUMNS FROM `so_menu` [ RunTime:0.0045s ]
SQL: SELECT `id`,`title`,`url` FROM `so_menu` WHERE `pid` = 0 AND `hide` = 0 AND `is_dev` = 0 ORDER BY sort asc  [ RunTime:0.0004s ]
SQL: SELECT `pid` FROM `so_menu` WHERE ( pid !=0 AND url like '%MenuManage/index%' ) LIMIT 1   [ RunTime:0.0002s ]
SQL: SELECT * FROM `so_menu` WHERE `id` = 2 LIMIT 1   [ RunTime:0.0002s ]
SQL: SELECT DISTINCT  `group` FROM `so_menu` WHERE `group` <> '' AND `pid` = 2  [ RunTime:0.0002s ]
SQL: SELECT `id`,`url` FROM `so_menu` WHERE `pid` = 2 AND `hide` = 0 AND `is_dev` = 0  [ RunTime:0.0002s ]
SQL: SELECT `id`,`pid`,`title`,`url`,`tip` FROM `so_menu` WHERE `group` = '菜系管理' AND `pid` = 2 AND `hide` = 0 AND `is_dev` = 0 ORDER BY sort asc  [ RunTime:0.0002s ]
SQL: SELECT `id`,`pid`,`title`,`url`,`tip` FROM `so_menu` WHERE `group` = '菜品管理' AND `pid` = 2 AND `hide` = 0 AND `is_dev` = 0 ORDER BY sort asc  [ RunTime:0.0003s ]
SQL: SHOW COLUMNS FROM `so_cookstyle` [ RunTime:0.0056s ]
SQL: SELECT * FROM `so_cookstyle` WHERE ( is_delete = 0 )  [ RunTime:0.0003s ]
INFO: [ view_parse ] --START--
INFO: [ template_filter ] --START--
INFO: Run Behavior\ContentReplaceBehavior [ RunTime:0.000113s ]
INFO: [ template_filter ] --END-- [ RunTime:0.000147s ]
SQL: SHOW COLUMNS FROM `so_cookmenu` [ RunTime:0.0038s ]
SQL: SELECT COUNT(*) AS tp_count FROM `so_cookmenu` WHERE `styleid` = 1 LIMIT 1   [ RunTime:0.0003s ]
SQL: SELECT COUNT(*) AS tp_count FROM `so_cookmenu` WHERE `styleid` = 2 LIMIT 1   [ RunTime:0.0002s ]
SQL: SELECT COUNT(*) AS tp_count FROM `so_cookmenu` WHERE `styleid` = 3 LIMIT 1   [ RunTime:0.0002s ]
SQL: SELECT COUNT(*) AS tp_count FROM `so_cookmenu` WHERE `styleid` = 4 LIMIT 1   [ RunTime:0.0002s ]
SQL: SELECT COUNT(*) AS tp_count FROM `so_cookmenu` WHERE `styleid` = 5 LIMIT 1   [ RunTime:0.0002s ]
SQL: SELECT COUNT(*) AS tp_count FROM `so_cookmenu` WHERE `styleid` = 6 LIMIT 1   [ RunTime:0.0002s ]
SQL: SELECT COUNT(*) AS tp_count FROM `so_cookmenu` WHERE `styleid` = 7 LIMIT 1   [ RunTime:0.0002s ]
SQL: SELECT COUNT(*) AS tp_count FROM `so_cookmenu` WHERE `styleid` = 8 LIMIT 1   [ RunTime:0.0002s ]
SQL: SELECT COUNT(*) AS tp_count FROM `so_cookmenu` WHERE `styleid` = 9 LIMIT 1   [ RunTime:0.0002s ]
SQL: SELECT COUNT(*) AS tp_count FROM `so_cookmenu` WHERE `styleid` = 10 LIMIT 1   [ RunTime:0.0002s ]
SQL: SELECT COUNT(*) AS tp_count FROM `so_cookmenu` WHERE `styleid` = 11 LIMIT 1   [ RunTime:0.0002s ]
INFO: Run Behavior\ParseTemplateBehavior [ RunTime:0.015898s ]
INFO: [ view_parse ] --END-- [ RunTime:0.015931s ]
INFO: [ view_filter ] --START--
INFO: Run Behavior\WriteHtmlCacheBehavior [ RunTime:0.000421s ]
INFO: [ view_filter ] --END-- [ RunTime:0.000447s ]
INFO: [ app_end ] --START--
INFO: Run Behavior\ShowPageTraceBehavior [ RunTime:0.000487s ]
INFO: Run Common\Behavior\CronRunBehavior [ RunTime:0.001876s ]
INFO: [ app_end ] --END-- [ RunTime:0.002430s ]

[ 2018-01-23T14:57:28+08:00 ] ::1 /smartorder/admin.php/MenuManage/index.html
INFO: [ app_init ] --START--
INFO: Run Behavior\BuildLiteBehavior [ RunTime:0.000009s ]
INFO: [ app_init ] --END-- [ RunTime:0.000392s ]
INFO: [ app_begin ] --START--
INFO: Run Behavior\ReadHtmlCacheBehavior [ RunTime:0.000426s ]
INFO: [ app_begin ] --END-- [ RunTime:0.000459s ]
SQL: SHOW COLUMNS FROM `so_menu` [ RunTime:0.0045s ]
SQL: SELECT `id`,`title`,`url` FROM `so_menu` WHERE `pid` = 0 AND `hide` = 0 AND `is_dev` = 0 ORDER BY sort asc  [ RunTime:0.0004s ]
SQL: SELECT `pid` FROM `so_menu` WHERE ( pid !=0 AND url like '%MenuManage/index%' ) LIMIT 1   [ RunTime:0.0002s ]
SQL: SELECT * FROM `so_menu` WHERE `id` = 2 LIMIT 1   [ RunTime:0.0002s ]
SQL: SELECT DISTINCT  `group` FROM `so_menu` WHERE `group` <> '' AND `pid` = 2  [ RunTime:0.0002s ]
SQL: SELECT `id`,`url` FROM `so_menu` WHERE `pid` = 2 AND `hide` = 0 AND `is_dev` = 0  [ RunTime:0.0002s ]
SQL: SELECT `id`,`pid`,`title`,`url`,`tip` FROM `so_menu` WHERE `group` = '菜系管理' AND `pid` = 2 AND `hide` = 0 AND `is_dev` = 0 ORDER BY sort asc  [ RunTime:0.0002s ]
SQL: SELECT `id`,`pid`,`title`,`url`,`tip` FROM `so_menu` WHERE `group` = '菜品管理' AND `pid` = 2 AND `hide` = 0 AND `is_dev` = 0 ORDER BY sort asc  [ RunTime:0.0002s ]
SQL: SHOW COLUMNS FROM `so_cookstyle` [ RunTime:0.0026s ]
SQL: SELECT * FROM `so_cookstyle` WHERE ( is_delete = 0 )  [ RunTime:0.0002s ]
INFO: [ view_parse ] --START--
INFO: [ template_filter ] --START--
INFO: Run Behavior\ContentReplaceBehavior [ RunTime:0.000131s ]
INFO: [ template_filter ] --END-- [ RunTime:0.000190s ]
SQL: SHOW COLUMNS FROM `so_cookmenu` [ RunTime:0.0048s ]
SQL: SELECT COUNT(*) AS tp_count FROM `so_cookmenu` WHERE `styleid` = 1 LIMIT 1   [ RunTime:0.0003s ]
SQL: SELECT COUNT(*) AS tp_count FROM `so_cookmenu` WHERE `styleid` = 2 LIMIT 1   [ RunTime:0.0002s ]
SQL: SELECT COUNT(*) AS tp_count FROM `so_cookmenu` WHERE `styleid` = 3 LIMIT 1   [ RunTime:0.0001s ]
SQL: SELECT COUNT(*) AS tp_count FROM `so_cookmenu` WHERE `styleid` = 4 LIMIT 1   [ RunTime:0.0001s ]
SQL: SELECT COUNT(*) AS tp_count FROM `so_cookmenu` WHERE `styleid` = 5 LIMIT 1   [ RunTime:0.0002s ]
SQL: SELECT COUNT(*) AS tp_count FROM `so_cookmenu` WHERE `styleid` = 6 LIMIT 1   [ RunTime:0.0001s ]
SQL: SELECT COUNT(*) AS tp_count FROM `so_cookmenu` WHERE `styleid` = 7 LIMIT 1   [ RunTime:0.0001s ]
SQL: SELECT COUNT(*) AS tp_count FROM `so_cookmenu` WHERE `styleid` = 8 LIMIT 1   [ RunTime:0.0001s ]
SQL: SELECT COUNT(*) AS tp_count FROM `so_cookmenu` WHERE `styleid` = 9 LIMIT 1   [ RunTime:0.0001s ]
SQL: SELECT COUNT(*) AS tp_count FROM `so_cookmenu` WHERE `styleid` = 10 LIMIT 1   [ RunTime:0.0001s ]
SQL: SELECT COUNT(*) AS tp_count FROM `so_cookmenu` WHERE `styleid` = 11 LIMIT 1   [ RunTime:0.0001s ]
INFO: Run Behavior\ParseTemplateBehavior [ RunTime:0.019179s ]
INFO: [ view_parse ] --END-- [ RunTime:0.019212s ]
INFO: [ view_filter ] --START--
INFO: Run Behavior\WriteHtmlCacheBehavior [ RunTime:0.000418s ]
INFO: [ view_filter ] --END-- [ RunTime:0.000449s ]
INFO: [ app_end ] --START--
INFO: Run Behavior\ShowPageTraceBehavior [ RunTime:0.000487s ]
INFO: Run Common\Behavior\CronRunBehavior [ RunTime:0.004826s ]
INFO: [ app_end ] --END-- [ RunTime:0.005396s ]

[ 2018-01-23T15:10:40+08:00 ] ::1 /smartorder/admin.php/MenuManage/cookmenu.html
INFO: [ app_init ] --START--
INFO: Run Behavior\BuildLiteBehavior [ RunTime:0.000010s ]
INFO: [ app_init ] --END-- [ RunTime:0.000346s ]
INFO: [ app_begin ] --START--
INFO: Run Behavior\ReadHtmlCacheBehavior [ RunTime:0.000450s ]
INFO: [ app_begin ] --END-- [ RunTime:0.000488s ]
SQL: SHOW COLUMNS FROM `so_menu` [ RunTime:0.0028s ]
SQL: SELECT `id`,`title`,`url` FROM `so_menu` WHERE `pid` = 0 AND `hide` = 0 AND `is_dev` = 0 ORDER BY sort asc  [ RunTime:0.0003s ]
SQL: SELECT `pid` FROM `so_menu` WHERE ( pid !=0 AND url like '%MenuManage/cookmenu%' ) LIMIT 1   [ RunTime:0.0002s ]
SQL: SELECT * FROM `so_menu` WHERE `id` = 2 LIMIT 1   [ RunTime:0.0001s ]
SQL: SELECT DISTINCT  `group` FROM `so_menu` WHERE `group` <> '' AND `pid` = 2  [ RunTime:0.0002s ]
SQL: SELECT `id`,`url` FROM `so_menu` WHERE `pid` = 2 AND `hide` = 0 AND `is_dev` = 0  [ RunTime:0.0002s ]
SQL: SELECT `id`,`pid`,`title`,`url`,`tip` FROM `so_menu` WHERE `group` = '菜系管理' AND `pid` = 2 AND `hide` = 0 AND `is_dev` = 0 ORDER BY sort asc  [ RunTime:0.0002s ]
SQL: SELECT `id`,`pid`,`title`,`url`,`tip` FROM `so_menu` WHERE `group` = '菜品管理' AND `pid` = 2 AND `hide` = 0 AND `is_dev` = 0 ORDER BY sort asc  [ RunTime:0.0002s ]
SQL: SHOW COLUMNS FROM `so_cookmenu` [ RunTime:0.0026s ]
SQL: SELECT `cookname`,`stylename`,so_cookmenu.id,`price`,`standard`,`recommend` FROM `so_cookmenu` INNER JOIN so_cookstyle on so_cookmenu.styleid=so_cookstyle.c_id  WHERE ( so_cookmenu.is_delete != 1 )  [ RunTime:0.0004s ]
INFO: [ view_parse ] --START--
INFO: [ template_filter ] --START--
INFO: Run Behavior\ContentReplaceBehavior [ RunTime:0.000125s ]
INFO: [ template_filter ] --END-- [ RunTime:0.000170s ]
INFO: Run Behavior\ParseTemplateBehavior [ RunTime:0.012057s ]
INFO: [ view_parse ] --END-- [ RunTime:0.012162s ]
INFO: [ view_filter ] --START--
INFO: Run Behavior\WriteHtmlCacheBehavior [ RunTime:0.000980s ]
INFO: [ view_filter ] --END-- [ RunTime:0.001012s ]
INFO: [ app_end ] --START--
INFO: Run Behavior\ShowPageTraceBehavior [ RunTime:0.000667s ]
INFO: Run Common\Behavior\CronRunBehavior [ RunTime:0.001706s ]
INFO: [ app_end ] --END-- [ RunTime:0.002443s ]

[ 2018-01-23T15:11:22+08:00 ] ::1 /smartorder/admin.php/MenuManage/cookmenu.html
INFO: [ app_init ] --START--
INFO: Run Behavior\BuildLiteBehavior [ RunTime:0.000008s ]
INFO: [ app_init ] --END-- [ RunTime:0.000278s ]
INFO: [ app_begin ] --START--
INFO: Run Behavior\ReadHtmlCacheBehavior [ RunTime:0.000532s ]
INFO: [ app_begin ] --END-- [ RunTime:0.000581s ]
SQL: SHOW COLUMNS FROM `so_menu` [ RunTime:0.0031s ]
SQL: SELECT `id`,`title`,`url` FROM `so_menu` WHERE `pid` = 0 AND `hide` = 0 AND `is_dev` = 0 ORDER BY sort asc  [ RunTime:0.0008s ]
SQL: SELECT `pid` FROM `so_menu` WHERE ( pid !=0 AND url like '%MenuManage/cookmenu%' ) LIMIT 1   [ RunTime:0.0004s ]
SQL: SELECT * FROM `so_menu` WHERE `id` = 2 LIMIT 1   [ RunTime:0.0003s ]
SQL: SELECT DISTINCT  `group` FROM `so_menu` WHERE `group` <> '' AND `pid` = 2  [ RunTime:0.0004s ]
SQL: SELECT `id`,`url` FROM `so_menu` WHERE `pid` = 2 AND `hide` = 0 AND `is_dev` = 0  [ RunTime:0.0004s ]
SQL: SELECT `id`,`pid`,`title`,`url`,`tip` FROM `so_menu` WHERE `group` = '菜系管理' AND `pid` = 2 AND `hide` = 0 AND `is_dev` = 0 ORDER BY sort asc  [ RunTime:0.0004s ]
SQL: SELECT `id`,`pid`,`title`,`url`,`tip` FROM `so_menu` WHERE `group` = '菜品管理' AND `pid` = 2 AND `hide` = 0 AND `is_dev` = 0 ORDER BY sort asc  [ RunTime:0.0003s ]
SQL: SHOW COLUMNS FROM `so_cookmenu` [ RunTime:0.0052s ]
SQL: SELECT `cookname`,`stylename`,so_cookmenu.id,`price`,`standard`,`recommend` FROM `so_cookmenu` INNER JOIN so_cookstyle on so_cookmenu.styleid=so_cookstyle.c_id  WHERE ( so_cookmenu.is_delete != 1 )  [ RunTime:0.0004s ]
INFO: [ view_parse ] --START--
INFO: [ template_filter ] --START--
INFO: Run Behavior\ContentReplaceBehavior [ RunTime:0.000119s ]
INFO: [ template_filter ] --END-- [ RunTime:0.000155s ]
INFO: Run Behavior\ParseTemplateBehavior [ RunTime:0.009433s ]
INFO: [ view_parse ] --END-- [ RunTime:0.009465s ]
INFO: [ view_filter ] --START--
INFO: Run Behavior\WriteHtmlCacheBehavior [ RunTime:0.000305s ]
INFO: [ view_filter ] --END-- [ RunTime:0.000330s ]
INFO: [ app_end ] --START--
INFO: Run Behavior\ShowPageTraceBehavior [ RunTime:0.000510s ]
INFO: Run Common\Behavior\CronRunBehavior [ RunTime:0.004341s ]
INFO: [ app_end ] --END-- [ RunTime:0.004925s ]

[ 2018-01-23T17:07:07+08:00 ] ::1 /smartorder/admin.php/Cash/index.html
INFO: [ app_init ] --START--
INFO: Run Behavior\BuildLiteBehavior [ RunTime:0.000010s ]
INFO: [ app_init ] --END-- [ RunTime:0.000309s ]
INFO: [ app_begin ] --START--
INFO: Run Behavior\ReadHtmlCacheBehavior [ RunTime:0.000449s ]
INFO: [ app_begin ] --END-- [ RunTime:0.000487s ]
SQL: SHOW COLUMNS FROM `so_menu` [ RunTime:0.0044s ]
SQL: SELECT `id`,`title`,`url` FROM `so_menu` WHERE `pid` = 0 AND `hide` = 0 AND `is_dev` = 0 ORDER BY sort asc  [ RunTime:0.0004s ]
SQL: SELECT `pid` FROM `so_menu` WHERE ( pid !=0 AND url like '%Cash/index%' ) LIMIT 1   [ RunTime:0.0003s ]
SQL: SELECT * FROM `so_menu` WHERE `id` = 85 LIMIT 1   [ RunTime:0.0001s ]
SQL: SELECT DISTINCT  `group` FROM `so_menu` WHERE `group` <> '' AND `pid` = 85  [ RunTime:0.0002s ]
SQL: SELECT `id`,`url` FROM `so_menu` WHERE `pid` = 85 AND `hide` = 0 AND `is_dev` = 0  [ RunTime:0.0002s ]
SQL: SELECT `id`,`pid`,`title`,`url`,`tip` FROM `so_menu` WHERE `group` = '结账管理' AND `pid` = 85 AND `hide` = 0 AND `is_dev` = 0 ORDER BY sort asc  [ RunTime:0.0002s ]
SQL: SELECT `id`,`pid`,`title`,`url`,`tip` FROM `so_menu` WHERE `group` = '桌号管理' AND `pid` = 85 AND `hide` = 0 AND `is_dev` = 0 ORDER BY sort asc  [ RunTime:0.0003s ]
SQL: SELECT `id`,`pid`,`title`,`url`,`tip` FROM `so_menu` WHERE `group` = '预约管理' AND `pid` = 85 AND `hide` = 0 AND `is_dev` = 0 ORDER BY sort asc  [ RunTime:0.0002s ]
SQL: SELECT `id`,`pid`,`title`,`url`,`tip` FROM `so_menu` WHERE `group` = '会员管理' AND `pid` = 85 AND `hide` = 0 AND `is_dev` = 0 ORDER BY sort asc  [ RunTime:0.0002s ]
SQL: SHOW COLUMNS FROM `so_table` [ RunTime:0.0037s ]
SQL: SELECT so_hall.id,count(hall_id),so_hall.name FROM `so_table` INNER JOIN so_hall ON so_hall.id = so_table.hall_id  GROUP BY hall_id  [ RunTime:0.0005s ]
SQL: SHOW COLUMNS FROM `so_temp` [ RunTime:0.0027s ]
SQL: SELECT so_hall.name as hall_name,`holding`,`hold_time`,`table_name` FROM `so_temp` INNER JOIN so_table ON so_table.id = so_temp.table_id INNER JOIN so_hall ON so_table.hall_id = so_hall.id  WHERE ( so_temp.holding is not null ) ORDER BY hold_time asc  [ RunTime:0.0003s ]
INFO: [ view_parse ] --START--
INFO: [ template_filter ] --START--
INFO: Run Behavior\ContentReplaceBehavior [ RunTime:0.000132s ]
INFO: [ template_filter ] --END-- [ RunTime:0.000183s ]
INFO: Run Behavior\ParseTemplateBehavior [ RunTime:0.022396s ]
INFO: [ view_parse ] --END-- [ RunTime:0.022484s ]
INFO: [ view_filter ] --START--
INFO: Run Behavior\WriteHtmlCacheBehavior [ RunTime:0.000430s ]
INFO: [ view_filter ] --END-- [ RunTime:0.000464s ]
INFO: [ app_end ] --START--
INFO: Run Behavior\ShowPageTraceBehavior [ RunTime:0.000798s ]
INFO: Run Common\Behavior\CronRunBehavior [ RunTime:0.003455s ]
INFO: [ app_end ] --END-- [ RunTime:0.004468s ]

[ 2018-01-23T17:07:09+08:00 ] ::1 /smartorder/admin.php/Cash/tableList.html?hall_id=1
INFO: [ app_init ] --START--
INFO: Run Behavior\BuildLiteBehavior [ RunTime:0.000012s ]
INFO: [ app_init ] --END-- [ RunTime:0.000421s ]
INFO: [ app_begin ] --START--
INFO: Run Behavior\ReadHtmlCacheBehavior [ RunTime:0.000437s ]
INFO: [ app_begin ] --END-- [ RunTime:0.000471s ]
SQL: SHOW COLUMNS FROM `so_menu` [ RunTime:0.0028s ]
SQL: SELECT `id`,`title`,`url` FROM `so_menu` WHERE `pid` = 0 AND `hide` = 0 AND `is_dev` = 0 ORDER BY sort asc  [ RunTime:0.0003s ]
SQL: SELECT `pid` FROM `so_menu` WHERE ( pid !=0 AND url like '%Cash/tableList%' ) LIMIT 1   [ RunTime:0.0003s ]
SQL: SHOW COLUMNS FROM `so_table` [ RunTime:0.0027s ]
SQL: SELECT * FROM `so_table` WHERE ( hall_id = 1 )  [ RunTime:0.0003s ]
INFO: [ view_parse ] --START--
INFO: [ template_filter ] --START--
INFO: Run Behavior\ContentReplaceBehavior [ RunTime:0.000117s ]
INFO: [ template_filter ] --END-- [ RunTime:0.000156s ]
INFO: Run Behavior\ParseTemplateBehavior [ RunTime:0.039851s ]
INFO: [ view_parse ] --END-- [ RunTime:0.039932s ]
INFO: [ view_filter ] --START--
INFO: Run Behavior\WriteHtmlCacheBehavior [ RunTime:0.000334s ]
INFO: [ view_filter ] --END-- [ RunTime:0.000361s ]
INFO: [ app_end ] --START--
INFO: Run Behavior\ShowPageTraceBehavior [ RunTime:0.000694s ]
INFO: Run Common\Behavior\CronRunBehavior [ RunTime:0.011714s ]
INFO: [ app_end ] --END-- [ RunTime:0.012496s ]

[ 2018-01-23T17:07:11+08:00 ] ::1 /smartorder/admin.php/Cash/orderList.html?tid=8
INFO: [ app_init ] --START--
INFO: Run Behavior\BuildLiteBehavior [ RunTime:0.000011s ]
INFO: [ app_init ] --END-- [ RunTime:0.000303s ]
INFO: [ app_begin ] --START--
INFO: Run Behavior\ReadHtmlCacheBehavior [ RunTime:0.000421s ]
INFO: [ app_begin ] --END-- [ RunTime:0.000454s ]
SQL: SHOW COLUMNS FROM `so_menu` [ RunTime:0.0037s ]
SQL: SELECT `id`,`title`,`url` FROM `so_menu` WHERE `pid` = 0 AND `hide` = 0 AND `is_dev` = 0 ORDER BY sort asc  [ RunTime:0.0003s ]
SQL: SELECT `pid` FROM `so_menu` WHERE ( pid !=0 AND url like '%Cash/orderList%' ) LIMIT 1   [ RunTime:0.0003s ]
SQL: SHOW COLUMNS FROM `so_order` [ RunTime:0.0034s ]
SQL: SELECT * FROM `so_order` WHERE ( table_id = 8 AND is_pay = 0 ) LIMIT 1   [ RunTime:0.0213s ]
SQL: SELECT `detail` FROM `so_order` WHERE ( table_id = 8 AND is_pay = 0 ) LIMIT 1   [ RunTime:0.0003s ]
INFO: [ view_parse ] --START--
INFO: [ template_filter ] --START--
INFO: Run Behavior\ContentReplaceBehavior [ RunTime:0.000196s ]
INFO: [ template_filter ] --END-- [ RunTime:0.000273s ]
NOTIC: [8] Undefined variable: tableId D:\xampp\htdocs\SmartOrder\Runtime\Cache\Admin\b1853b4c255d9106cc2493d280b34423.php 第 123 行.
INFO: Run Behavior\ParseTemplateBehavior [ RunTime:0.016792s ]
INFO: [ view_parse ] --END-- [ RunTime:0.016881s ]
INFO: [ view_filter ] --START--
INFO: Run Behavior\WriteHtmlCacheBehavior [ RunTime:0.000696s ]
INFO: [ view_filter ] --END-- [ RunTime:0.000738s ]
INFO: [ app_end ] --START--
INFO: Run Behavior\ShowPageTraceBehavior [ RunTime:0.000734s ]
INFO: Run Common\Behavior\CronRunBehavior [ RunTime:0.002262s ]
INFO: [ app_end ] --END-- [ RunTime:0.003086s ]

[ 2018-01-23T18:42:49+08:00 ] ::1 /smartorder/admin.php/MenuManage/index.html
INFO: [ app_init ] --START--
INFO: Run Behavior\BuildLiteBehavior [ RunTime:0.000010s ]
INFO: [ app_init ] --END-- [ RunTime:0.000367s ]
INFO: [ app_begin ] --START--
INFO: Run Behavior\ReadHtmlCacheBehavior [ RunTime:0.000365s ]
INFO: [ app_begin ] --END-- [ RunTime:0.000404s ]
SQL: SHOW COLUMNS FROM `so_menu` [ RunTime:0.0040s ]
SQL: SELECT `id`,`title`,`url` FROM `so_menu` WHERE `pid` = 0 AND `hide` = 0 AND `is_dev` = 0 ORDER BY sort asc  [ RunTime:0.0005s ]
SQL: SELECT `pid` FROM `so_menu` WHERE ( pid !=0 AND url like '%MenuManage/index%' ) LIMIT 1   [ RunTime:0.0002s ]
SQL: SELECT * FROM `so_menu` WHERE `id` = 2 LIMIT 1   [ RunTime:0.0002s ]
SQL: SELECT DISTINCT  `group` FROM `so_menu` WHERE `group` <> '' AND `pid` = 2  [ RunTime:0.0003s ]
SQL: SELECT `id`,`url` FROM `so_menu` WHERE `pid` = 2 AND `hide` = 0 AND `is_dev` = 0  [ RunTime:0.0002s ]
SQL: SELECT `id`,`pid`,`title`,`url`,`tip` FROM `so_menu` WHERE `group` = '菜系管理' AND `pid` = 2 AND `hide` = 0 AND `is_dev` = 0 ORDER BY sort asc  [ RunTime:0.0003s ]
SQL: SELECT `id`,`pid`,`title`,`url`,`tip` FROM `so_menu` WHERE `group` = '菜品管理' AND `pid` = 2 AND `hide` = 0 AND `is_dev` = 0 ORDER BY sort asc  [ RunTime:0.0002s ]
SQL: SHOW COLUMNS FROM `so_cookstyle` [ RunTime:0.0025s ]
SQL: SELECT * FROM `so_cookstyle` WHERE ( is_delete = 0 )  [ RunTime:0.0003s ]
INFO: [ view_parse ] --START--
INFO: [ template_filter ] --START--
INFO: Run Behavior\ContentReplaceBehavior [ RunTime:0.000122s ]
INFO: [ template_filter ] --END-- [ RunTime:0.000169s ]
SQL: SHOW COLUMNS FROM `so_cookmenu` [ RunTime:0.0035s ]
SQL: SELECT COUNT(*) AS tp_count FROM `so_cookmenu` WHERE `styleid` = 1 LIMIT 1   [ RunTime:0.0004s ]
SQL: SELECT COUNT(*) AS tp_count FROM `so_cookmenu` WHERE `styleid` = 2 LIMIT 1   [ RunTime:0.0001s ]
SQL: SELECT COUNT(*) AS tp_count FROM `so_cookmenu` WHERE `styleid` = 3 LIMIT 1   [ RunTime:0.0001s ]
SQL: SELECT COUNT(*) AS tp_count FROM `so_cookmenu` WHERE `styleid` = 4 LIMIT 1   [ RunTime:0.0001s ]
SQL: SELECT COUNT(*) AS tp_count FROM `so_cookmenu` WHERE `styleid` = 5 LIMIT 1   [ RunTime:0.0001s ]
SQL: SELECT COUNT(*) AS tp_count FROM `so_cookmenu` WHERE `styleid` = 6 LIMIT 1   [ RunTime:0.0002s ]
SQL: SELECT COUNT(*) AS tp_count FROM `so_cookmenu` WHERE `styleid` = 7 LIMIT 1   [ RunTime:0.0001s ]
SQL: SELECT COUNT(*) AS tp_count FROM `so_cookmenu` WHERE `styleid` = 8 LIMIT 1   [ RunTime:0.0001s ]
SQL: SELECT COUNT(*) AS tp_count FROM `so_cookmenu` WHERE `styleid` = 9 LIMIT 1   [ RunTime:0.0001s ]
SQL: SELECT COUNT(*) AS tp_count FROM `so_cookmenu` WHERE `styleid` = 10 LIMIT 1   [ RunTime:0.0001s ]
SQL: SELECT COUNT(*) AS tp_count FROM `so_cookmenu` WHERE `styleid` = 11 LIMIT 1   [ RunTime:0.0001s ]
INFO: Run Behavior\ParseTemplateBehavior [ RunTime:0.019408s ]
INFO: [ view_parse ] --END-- [ RunTime:0.019455s ]
INFO: [ view_filter ] --START--
INFO: Run Behavior\WriteHtmlCacheBehavior [ RunTime:0.000926s ]
INFO: [ view_filter ] --END-- [ RunTime:0.000976s ]
INFO: [ app_end ] --START--
INFO: Run Behavior\ShowPageTraceBehavior [ RunTime:0.001215s ]
INFO: Run Common\Behavior\CronRunBehavior [ RunTime:0.002751s ]
INFO: [ app_end ] --END-- [ RunTime:0.004097s ]

[ 2018-01-23T18:42:51+08:00 ] ::1 /smartorder/admin.php/UserManage/index.html
INFO: [ app_init ] --START--
INFO: Run Behavior\BuildLiteBehavior [ RunTime:0.000011s ]
INFO: [ app_init ] --END-- [ RunTime:0.000308s ]
INFO: [ app_begin ] --START--
INFO: Run Behavior\ReadHtmlCacheBehavior [ RunTime:0.000491s ]
INFO: [ app_begin ] --END-- [ RunTime:0.000537s ]
SQL: SHOW COLUMNS FROM `so_menu` [ RunTime:0.0040s ]
SQL: SELECT `id`,`title`,`url` FROM `so_menu` WHERE `pid` = 0 AND `hide` = 0 AND `is_dev` = 0 ORDER BY sort asc  [ RunTime:0.0003s ]
SQL: SELECT `pid` FROM `so_menu` WHERE ( pid !=0 AND url like '%UserManage/index%' ) LIMIT 1   [ RunTime:0.0002s ]
SQL: SELECT * FROM `so_menu` WHERE `id` = 3 LIMIT 1   [ RunTime:0.0005s ]
SQL: SELECT DISTINCT  `group` FROM `so_menu` WHERE `group` <> '' AND `pid` = 3  [ RunTime:0.0002s ]
SQL: SELECT `id`,`url` FROM `so_menu` WHERE `pid` = 3 AND `hide` = 0 AND `is_dev` = 0  [ RunTime:0.0002s ]
SQL: SELECT `id`,`pid`,`title`,`url`,`tip` FROM `so_menu` WHERE `group` = '用户管理' AND `pid` = 3 AND `hide` = 0 AND `is_dev` = 0 ORDER BY sort asc  [ RunTime:0.0002s ]
SQL: SHOW COLUMNS FROM `so_user` [ RunTime:0.0036s ]
SQL: SELECT * FROM `so_user`  [ RunTime:0.0004s ]
SQL: SHOW COLUMNS FROM `so_position` [ RunTime:0.0026s ]
SQL: SELECT * FROM `so_position`  [ RunTime:0.0002s ]
NOTIC: [8] Undefined index: Position D:\xampp\htdocs\SmartOrder\Application\Admin\Controller\UserManageController.class.php 第 19 行.
NOTIC: [8] Undefined index: Position D:\xampp\htdocs\SmartOrder\Application\Admin\Controller\UserManageController.class.php 第 19 行.
NOTIC: [8] Undefined index: Position D:\xampp\htdocs\SmartOrder\Application\Admin\Controller\UserManageController.class.php 第 19 行.
NOTIC: [8] Undefined index: Position D:\xampp\htdocs\SmartOrder\Application\Admin\Controller\UserManageController.class.php 第 19 行.
NOTIC: [8] Undefined index: Position D:\xampp\htdocs\SmartOrder\Application\Admin\Controller\UserManageController.class.php 第 19 行.
NOTIC: [8] Undefined index: Position D:\xampp\htdocs\SmartOrder\Application\Admin\Controller\UserManageController.class.php 第 19 行.
NOTIC: [8] Undefined index: Position D:\xampp\htdocs\SmartOrder\Application\Admin\Controller\UserManageController.class.php 第 19 行.
NOTIC: [8] Undefined index: Position D:\xampp\htdocs\SmartOrder\Application\Admin\Controller\UserManageController.class.php 第 19 行.
NOTIC: [8] Undefined index: Position D:\xampp\htdocs\SmartOrder\Application\Admin\Controller\UserManageController.class.php 第 19 行.
NOTIC: [8] Undefined index: Position D:\xampp\htdocs\SmartOrder\Application\Admin\Controller\UserManageController.class.php 第 19 行.
NOTIC: [8] Undefined index: Position D:\xampp\htdocs\SmartOrder\Application\Admin\Controller\UserManageController.class.php 第 19 行.
NOTIC: [8] Undefined index: Position D:\xampp\htdocs\SmartOrder\Application\Admin\Controller\UserManageController.class.php 第 19 行.
NOTIC: [8] Undefined index: Position D:\xampp\htdocs\SmartOrder\Application\Admin\Controller\UserManageController.class.php 第 19 行.
NOTIC: [8] Undefined index: Position D:\xampp\htdocs\SmartOrder\Application\Admin\Controller\UserManageController.class.php 第 19 行.
NOTIC: [8] Undefined index: Position D:\xampp\htdocs\SmartOrder\Application\Admin\Controller\UserManageController.class.php 第 19 行.
NOTIC: [8] Undefined index: Position D:\xampp\htdocs\SmartOrder\Application\Admin\Controller\UserManageController.class.php 第 19 行.
NOTIC: [8] Undefined index: Position D:\xampp\htdocs\SmartOrder\Application\Admin\Controller\UserManageController.class.php 第 19 行.
NOTIC: [8] Undefined index: Position D:\xampp\htdocs\SmartOrder\Application\Admin\Controller\UserManageController.class.php 第 19 行.
NOTIC: [8] Undefined index: Position D:\xampp\htdocs\SmartOrder\Application\Admin\Controller\UserManageController.class.php 第 19 行.
NOTIC: [8] Undefined index: Position D:\xampp\htdocs\SmartOrder\Application\Admin\Controller\UserManageController.class.php 第 19 行.
INFO: [ view_parse ] --START--
INFO: [ template_filter ] --START--
INFO: Run Behavior\ContentReplaceBehavior [ RunTime:0.000168s ]
INFO: [ template_filter ] --END-- [ RunTime:0.000262s ]
NOTIC: [8] Undefined variable: meta_title D:\xampp\htdocs\SmartOrder\Runtime\Cache\Admin\3c7f6c15843b813090faa90a45856594.php 第 5 行.
INFO: Run Behavior\ParseTemplateBehavior [ RunTime:0.010131s ]
INFO: [ view_parse ] --END-- [ RunTime:0.010170s ]
INFO: [ view_filter ] --START--
INFO: Run Behavior\WriteHtmlCacheBehavior [ RunTime:0.000339s ]
INFO: [ view_filter ] --END-- [ RunTime:0.000365s ]
INFO: [ app_end ] --START--
INFO: Run Behavior\ShowPageTraceBehavior [ RunTime:0.000470s ]
INFO: Run Common\Behavior\CronRunBehavior [ RunTime:0.002123s ]
INFO: [ app_end ] --END-- [ RunTime:0.002664s ]

[ 2018-01-23T18:42:54+08:00 ] ::1 /smartorder/admin.php/UserManage/AddUser.html
INFO: [ app_init ] --START--
INFO: Run Behavior\BuildLiteBehavior [ RunTime:0.000015s ]
INFO: [ app_init ] --END-- [ RunTime:0.000437s ]
INFO: [ app_begin ] --START--
INFO: Run Behavior\ReadHtmlCacheBehavior [ RunTime:0.000557s ]
INFO: [ app_begin ] --END-- [ RunTime:0.000623s ]
SQL: SHOW COLUMNS FROM `so_menu` [ RunTime:0.0032s ]
SQL: SELECT `id`,`title`,`url` FROM `so_menu` WHERE `pid` = 0 AND `hide` = 0 AND `is_dev` = 0 ORDER BY sort asc  [ RunTime:0.0004s ]
SQL: SELECT `pid` FROM `so_menu` WHERE ( pid !=0 AND url like '%UserManage/AddUser%' ) LIMIT 1   [ RunTime:0.0002s ]
SQL: SELECT * FROM `so_menu` WHERE `id` = 3 LIMIT 1   [ RunTime:0.0002s ]
SQL: SELECT DISTINCT  `group` FROM `so_menu` WHERE `group` <> '' AND `pid` = 3  [ RunTime:0.0002s ]
SQL: SELECT `id`,`url` FROM `so_menu` WHERE `pid` = 3 AND `hide` = 0 AND `is_dev` = 0  [ RunTime:0.0002s ]
SQL: SELECT `id`,`pid`,`title`,`url`,`tip` FROM `so_menu` WHERE `group` = '用户管理' AND `pid` = 3 AND `hide` = 0 AND `is_dev` = 0 ORDER BY sort asc  [ RunTime:0.0002s ]
SQL: SHOW COLUMNS FROM `so_position` [ RunTime:0.0028s ]
SQL: SELECT * FROM `so_position`  [ RunTime:0.0003s ]
INFO: [ view_parse ] --START--
INFO: [ template_filter ] --START--
INFO: Run Behavior\ContentReplaceBehavior [ RunTime:0.000178s ]
INFO: [ template_filter ] --END-- [ RunTime:0.000269s ]
NOTIC: [8] Undefined variable: meta_title D:\xampp\htdocs\SmartOrder\Runtime\Cache\Admin\c9719dd0d157b8e7ec17bf318fe84276.php 第 5 行.
INFO: Run Behavior\ParseTemplateBehavior [ RunTime:0.011930s ]
INFO: [ view_parse ] --END-- [ RunTime:0.011971s ]
INFO: [ view_filter ] --START--
INFO: Run Behavior\WriteHtmlCacheBehavior [ RunTime:0.000444s ]
INFO: [ view_filter ] --END-- [ RunTime:0.000471s ]
INFO: [ app_end ] --START--
INFO: Run Behavior\ShowPageTraceBehavior [ RunTime:0.000699s ]
INFO: Run Common\Behavior\CronRunBehavior [ RunTime:0.002768s ]
INFO: [ app_end ] --END-- [ RunTime:0.003552s ]

[ 2018-01-23T18:43:01+08:00 ] ::1 /smartorder/admin.php/UserManage/AddUser.html
INFO: [ app_init ] --START--
INFO: Run Behavior\BuildLiteBehavior [ RunTime:0.000010s ]
INFO: [ app_init ] --END-- [ RunTime:0.000300s ]
INFO: [ app_begin ] --START--
INFO: Run Behavior\ReadHtmlCacheBehavior [ RunTime:0.000471s ]
INFO: [ app_begin ] --END-- [ RunTime:0.000510s ]
SQL: SHOW COLUMNS FROM `so_menu` [ RunTime:0.0032s ]
SQL: SELECT `id`,`title`,`url` FROM `so_menu` WHERE `pid` = 0 AND `hide` = 0 AND `is_dev` = 0 ORDER BY sort asc  [ RunTime:0.0007s ]
SQL: SELECT `pid` FROM `so_menu` WHERE ( pid !=0 AND url like '%UserManage/AddUser%' ) LIMIT 1   [ RunTime:0.0003s ]
SQL: SELECT * FROM `so_menu` WHERE `id` = 3 LIMIT 1   [ RunTime:0.0002s ]
SQL: SELECT DISTINCT  `group` FROM `so_menu` WHERE `group` <> '' AND `pid` = 3  [ RunTime:0.0002s ]
SQL: SELECT `id`,`url` FROM `so_menu` WHERE `pid` = 3 AND `hide` = 0 AND `is_dev` = 0  [ RunTime:0.0003s ]
SQL: SELECT `id`,`pid`,`title`,`url`,`tip` FROM `so_menu` WHERE `group` = '用户管理' AND `pid` = 3 AND `hide` = 0 AND `is_dev` = 0 ORDER BY sort asc  [ RunTime:0.0003s ]
SQL: SHOW COLUMNS FROM `so_user` [ RunTime:0.0206s ]
SQL: INSERT INTO `so_user` (`UserName`,`PassWord`,`RealName`,`WorkId`,`IdCardNum`,`Address`,`Position`) VALUES ('','d41d8cd98f00b204e9800998ecf8427e','','','','','1') [ RunTime:0.0551s ]
INFO: [ view_parse ] --START--
INFO: [ template_filter ] --START--
INFO: Run Behavior\ContentReplaceBehavior [ RunTime:0.000079s ]
INFO: [ template_filter ] --END-- [ RunTime:0.000220s ]
INFO: Run Behavior\ParseTemplateBehavior [ RunTime:0.019924s ]
INFO: [ view_parse ] --END-- [ RunTime:0.021640s ]
INFO: [ view_filter ] --START--
INFO: Run Behavior\WriteHtmlCacheBehavior [ RunTime:0.000545s ]
INFO: [ view_filter ] --END-- [ RunTime:0.000579s ]
INFO: [ app_end ] --START--
INFO: Run Behavior\ShowPageTraceBehavior [ RunTime:0.000482s ]
INFO: Run Common\Behavior\CronRunBehavior [ RunTime:0.001809s ]
INFO: [ app_end ] --END-- [ RunTime:0.002347s ]

[ 2018-01-23T18:43:02+08:00 ] ::1 /smartorder/admin.php/UserManage/index.html
INFO: [ app_init ] --START--
INFO: Run Behavior\BuildLiteBehavior [ RunTime:0.000009s ]
INFO: [ app_init ] --END-- [ RunTime:0.000313s ]
INFO: [ app_begin ] --START--
INFO: Run Behavior\ReadHtmlCacheBehavior [ RunTime:0.000677s ]
INFO: [ app_begin ] --END-- [ RunTime:0.000755s ]
SQL: SHOW COLUMNS FROM `so_menu` [ RunTime:0.0095s ]
SQL: SELECT `id`,`title`,`url` FROM `so_menu` WHERE `pid` = 0 AND `hide` = 0 AND `is_dev` = 0 ORDER BY sort asc  [ RunTime:0.0003s ]
SQL: SELECT `pid` FROM `so_menu` WHERE ( pid !=0 AND url like '%UserManage/index%' ) LIMIT 1   [ RunTime:0.0002s ]
SQL: SELECT * FROM `so_menu` WHERE `id` = 3 LIMIT 1   [ RunTime:0.0002s ]
SQL: SELECT DISTINCT  `group` FROM `so_menu` WHERE `group` <> '' AND `pid` = 3  [ RunTime:0.0002s ]
SQL: SELECT `id`,`url` FROM `so_menu` WHERE `pid` = 3 AND `hide` = 0 AND `is_dev` = 0  [ RunTime:0.0002s ]
SQL: SELECT `id`,`pid`,`title`,`url`,`tip` FROM `so_menu` WHERE `group` = '用户管理' AND `pid` = 3 AND `hide` = 0 AND `is_dev` = 0 ORDER BY sort asc  [ RunTime:0.0002s ]
SQL: SHOW COLUMNS FROM `so_user` [ RunTime:0.0198s ]
SQL: SELECT * FROM `so_user`  [ RunTime:0.0003s ]
SQL: SHOW COLUMNS FROM `so_position` [ RunTime:0.0030s ]
SQL: SELECT * FROM `so_position`  [ RunTime:0.0003s ]
NOTIC: [8] Undefined index: Position D:\xampp\htdocs\SmartOrder\Application\Admin\Controller\UserManageController.class.php 第 19 行.
NOTIC: [8] Undefined index: Position D:\xampp\htdocs\SmartOrder\Application\Admin\Controller\UserManageController.class.php 第 19 行.
NOTIC: [8] Undefined index: Position D:\xampp\htdocs\SmartOrder\Application\Admin\Controller\UserManageController.class.php 第 19 行.
NOTIC: [8] Undefined index: Position D:\xampp\htdocs\SmartOrder\Application\Admin\Controller\UserManageController.class.php 第 19 行.
NOTIC: [8] Undefined index: Position D:\xampp\htdocs\SmartOrder\Application\Admin\Controller\UserManageController.class.php 第 19 行.
NOTIC: [8] Undefined index: Position D:\xampp\htdocs\SmartOrder\Application\Admin\Controller\UserManageController.class.php 第 19 行.
NOTIC: [8] Undefined index: Position D:\xampp\htdocs\SmartOrder\Application\Admin\Controller\UserManageController.class.php 第 19 行.
NOTIC: [8] Undefined index: Position D:\xampp\htdocs\SmartOrder\Application\Admin\Controller\UserManageController.class.php 第 19 行.
NOTIC: [8] Undefined index: Position D:\xampp\htdocs\SmartOrder\Application\Admin\Controller\UserManageController.class.php 第 19 行.
NOTIC: [8] Undefined index: Position D:\xampp\htdocs\SmartOrder\Application\Admin\Controller\UserManageController.class.php 第 19 行.
NOTIC: [8] Undefined index: Position D:\xampp\htdocs\SmartOrder\Application\Admin\Controller\UserManageController.class.php 第 19 行.
NOTIC: [8] Undefined index: Position D:\xampp\htdocs\SmartOrder\Application\Admin\Controller\UserManageController.class.php 第 19 行.
NOTIC: [8] Undefined index: Position D:\xampp\htdocs\SmartOrder\Application\Admin\Controller\UserManageController.class.php 第 19 行.
NOTIC: [8] Undefined index: Position D:\xampp\htdocs\SmartOrder\Application\Admin\Controller\UserManageController.class.php 第 19 行.
NOTIC: [8] Undefined index: Position D:\xampp\htdocs\SmartOrder\Application\Admin\Controller\UserManageController.class.php 第 19 行.
NOTIC: [8] Undefined index: Position D:\xampp\htdocs\SmartOrder\Application\Admin\Controller\UserManageController.class.php 第 19 行.
NOTIC: [8] Undefined index: Position D:\xampp\htdocs\SmartOrder\Application\Admin\Controller\UserManageController.class.php 第 19 行.
NOTIC: [8] Undefined index: Position D:\xampp\htdocs\SmartOrder\Application\Admin\Controller\UserManageController.class.php 第 19 行.
NOTIC: [8] Undefined index: Position D:\xampp\htdocs\SmartOrder\Application\Admin\Controller\UserManageController.class.php 第 19 行.
NOTIC: [8] Undefined index: Position D:\xampp\htdocs\SmartOrder\Application\Admin\Controller\UserManageController.class.php 第 19 行.
NOTIC: [8] Undefined index: Position D:\xampp\htdocs\SmartOrder\Application\Admin\Controller\UserManageController.class.php 第 19 行.
NOTIC: [8] Undefined index: Position D:\xampp\htdocs\SmartOrder\Application\Admin\Controller\UserManageController.class.php 第 19 行.
NOTIC: [8] Undefined index: Position D:\xampp\htdocs\SmartOrder\Application\Admin\Controller\UserManageController.class.php 第 19 行.
NOTIC: [8] Undefined index: Position D:\xampp\htdocs\SmartOrder\Application\Admin\Controller\UserManageController.class.php 第 19 行.
INFO: [ view_parse ] --START--
INFO: [ template_filter ] --START--
INFO: Run Behavior\ContentReplaceBehavior [ RunTime:0.000131s ]
INFO: [ template_filter ] --END-- [ RunTime:0.000190s ]
NOTIC: [8] Undefined variable: meta_title D:\xampp\htdocs\SmartOrder\Runtime\Cache\Admin\3c7f6c15843b813090faa90a45856594.php 第 5 行.
INFO: Run Behavior\ParseTemplateBehavior [ RunTime:0.013328s ]
INFO: [ view_parse ] --END-- [ RunTime:0.013379s ]
INFO: [ view_filter ] --START--
INFO: Run Behavior\WriteHtmlCacheBehavior [ RunTime:0.000390s ]
INFO: [ view_filter ] --END-- [ RunTime:0.000417s ]
INFO: [ app_end ] --START--
INFO: Run Behavior\ShowPageTraceBehavior [ RunTime:0.000547s ]
INFO: Run Common\Behavior\CronRunBehavior [ RunTime:0.002122s ]
INFO: [ app_end ] --END-- [ RunTime:0.002749s ]

